
ROM used:   11572/32768 (35%)
            11572/32768 (35%) including unused fragments

            2.0 Average locations per line
            15.0 Average locations per statement

RAM used:   90/2048 (4%) at main() level
            191/2048 (9%) worst case

Stack used: 13 worst case (6 in main + 7 for interrupts)
Stack size: 31

Lines Stmts  %   Files
----- ----- ---  -----
    3     0   0  $linker.c
  107    41   5  main.c
   45     0   0  configure.h
  837     0   0  C:\Program Files (x86)\PICC\devices\18F4550.h
  163     0   0  C:\Program Files (x86)\PICC\drivers\stdint.h
   37     0   0  C:\Program Files (x86)\PICC\drivers\stdio.h
  423     0   0  C:\Program Files (x86)\PICC\drivers\string.h
   32     0   0  C:\Program Files (x86)\PICC\drivers\stddef.h
   28     0   0  C:\Program Files (x86)\PICC\drivers\ctype.h
 1351   359  47  C:\Program Files (x86)\PICC\drivers\stdlib.h
   63     0   0  mpu9250_interface.h
   27     0   0  mpu9250_config.h
  152     0   0  mpu9250_private.h
  247   113  15  mpu9250_program.c
 2229   257  33  C:\Program Files (x86)\PICC\drivers\MATH.H
----- -----
 5744   770 Total

Page ROM  %  RAM   Vol Diff  Functions:
---- --- --- ---   --- ----  ----------
0    242   1   11             @MULFF
0     54   0    2             @ITOF
0    618   3   16             @ADDFF
0    346   1   14             @DIVFF
0     38   0    1             @delay_ms1
0     28   0    1             @I2C_WRITEU_1
0     28   0    1             @I2C_READU_1
0    324   1    4   351  3.4  imu_update
0     26   0    0             @const1008
0     56   0    4             @SFTOI
0     32   0    3             @PSTRINGCN_115200_31766_31767
0     40   0    3             @DIV88
0    178   1    6             @PRINTF_D_115200_31766_31767
0     46   0    0             @const1019
0     62   0    5             @FTOSD
0    142   1   13             @DIV3232
0    452   2   13             @PRINTF_L32D_115200_31766_31767FPFPFR
0    432   2    1   505  3.6  MAIN
0     28   0    0             @const1033
0     34   0    2             @PSTRINGC_115200_31766_31767
0     56   0    0             @const1035
0     34   0    0             @const1036
0     88   0    0             @const1037
0    440   2   13             @PRINTF_L32D_115200_31766_31767FPFPF
0    118   1   10             @FLT
0     72   0    2             @SITOF
0    270   1   18   510 10.6  sqrt
0   1254   5   21  1082  6.9  atan
0     52   0    0             @const1186
0     78   0    5   134  2.2  mpu9250_writeByte
0     68   0    6   223  3.7  mpu9250_readByte
0     52   0    9   228  3.4  read_word
0     24   0    4    88  2.1  read_gyro_word
0     24   0    4    88  2.1  read_accel_word
0     24   0    4    88  2.1  read_mag_word
0    250   1    0   823  4.3  mpu9250_init
0     24   0    0             @const1192
0     28   0    0             @const1194
0     22   0    0             @const1195
0     26   0    0             @const1196
0    508   2    1   567  2.8  mpu9250_print_initRegisters
0     22   0    0             @const1198
0     66   0    2             @PRINTF_X_115200_31766_31767
0     26   0    0             @const1204
0     26   0    0             @const1205
0     26   0    0             @const1206
0     32   0    0             @const1207
0     30   0    0             @const1208
0    254   1   10   351  3.6  mpu9250_read_gyro
0    454   2   16   411  4.6  mpu9250_read_accelerometer
0    862   4   20  1036  6.2  mpu9250_read_magnometer
0     58   0    0             @const1222
0     58   0    0             @const1231
0     56   0    0             @const1232
0    570   2   10   383  5.7  mpu9250_gyro_calibration
0   2168   9   20  1420  7.2  mpu9250_calculate_angles
 Inline         0             @cinit1

Program metrics:
    Functions               17
    Statements              770
    Comments                484
    Volume (V)              13704
    Difficulty (D)          70.3
    Effort to implement (E) 963889
    Time to implement (T)   14 hours, 52 minutes
    Est Delivered Bugs (B)  3
    Cyclomatic Complexity   11
    Maintainability (MI)    120

 Segment     Used  Free
-----------  ----  ----
00000-00002     4  0  
00004-00006     0  4  
00008-00094   142  0  
00096-07FFE  11426  21192  



